<?xml version="1.0"?>
<!DOCTYPE coverage SYSTEM "http://cobertura.sourceforge.net/xml/coverage-04.dtd">
<coverage line-rate="0.6945736434108527" branch-rate="1.0000000000000000" lines-covered="1344" lines-valid="1935" branches-covered="0" branches-valid="0" complexity="0.0" timestamp="1473940466" version="Slather 2.3.0">
  <sources>
    <source>/Users/silvandaehn/Developer/Wire-App/wire-ios-scripts</source>
  </sources>
  <packages>
    <package name="...wire-ios-utilities.Carthage.Build.iOS.ZMCSystem.framework.Headers" line-rate="0.4464285714285715" branch-rate="1.0000000000000000" complexity="0.0">
      <classes>
        <class name="ZMSActivity.h" filename="../wire-ios-utilities/Carthage/Build/iOS/ZMCSystem.framework/Headers/ZMSActivity.h" line-rate="0.5000000000000000" branch-rate="1.0000000000000000" complexity="0.0">
          <methods/>
          <lines>
            <line number="103" branch="false" hits="1"/>
            <line number="106" branch="false" hits="0"/>
          </lines>
        </class>
        <class name="ZMSAsserts.h" filename="../wire-ios-utilities/Carthage/Build/iOS/ZMCSystem.framework/Headers/ZMSAsserts.h" line-rate="0.4615384615384616" branch-rate="1.0000000000000000" complexity="0.0">
          <methods/>
          <lines>
            <line number="82" branch="false" hits="30800"/>
            <line number="83" branch="false" hits="30800"/>
            <line number="84" branch="false" hits="0"/>
            <line number="85" branch="false" hits="0"/>
            <line number="86" branch="false" hits="30800"/>
            <line number="87" branch="false" hits="71"/>
            <line number="88" branch="false" hits="71"/>
            <line number="89" branch="false" hits="0"/>
            <line number="90" branch="false" hits="0"/>
            <line number="91" branch="false" hits="71"/>
            <line number="103" branch="false" hits="8"/>
            <line number="104" branch="false" hits="8"/>
            <line number="105" branch="false" hits="1"/>
            <line number="106" branch="false" hits="1"/>
            <line number="107" branch="false" hits="1"/>
            <line number="108" branch="false" hits="1"/>
            <line number="109" branch="false" hits="7"/>
            <line number="112" branch="false" hits="3"/>
            <line number="118" branch="false" hits="5"/>
            <line number="121" branch="false" hits="14"/>
            <line number="122" branch="false" hits="14"/>
            <line number="123" branch="false" hits="0"/>
            <line number="124" branch="false" hits="0"/>
            <line number="125" branch="false" hits="0"/>
            <line number="126" branch="false" hits="0"/>
            <line number="127" branch="false" hits="14"/>
            <line number="179" branch="false" hits="0"/>
            <line number="180" branch="false" hits="0"/>
            <line number="181" branch="false" hits="0"/>
            <line number="182" branch="false" hits="0"/>
            <line number="183" branch="false" hits="0"/>
            <line number="184" branch="false" hits="0"/>
            <line number="186" branch="false" hits="0"/>
            <line number="187" branch="false" hits="0"/>
            <line number="188" branch="false" hits="0"/>
            <line number="189" branch="false" hits="0"/>
            <line number="190" branch="false" hits="0"/>
            <line number="191" branch="false" hits="0"/>
            <line number="192" branch="false" hits="0"/>
          </lines>
        </class>
        <class name="ZMSDefines.h" filename="../wire-ios-utilities/Carthage/Build/iOS/ZMCSystem.framework/Headers/ZMSDefines.h" line-rate="0.3333333333333333" branch-rate="1.0000000000000000" complexity="0.0">
          <methods/>
          <lines>
            <line number="27" branch="false" hits="3"/>
            <line number="84" branch="false" hits="0"/>
            <line number="85" branch="false" hits="0"/>
            <line number="86" branch="false" hits="0"/>
            <line number="87" branch="false" hits="0"/>
            <line number="97" branch="false" hits="34"/>
          </lines>
        </class>
        <class name="ZMSLogging.h" filename="../wire-ios-utilities/Carthage/Build/iOS/ZMCSystem.framework/Headers/ZMSLogging.h" line-rate="0.4444444444444444" branch-rate="1.0000000000000000" complexity="0.0">
          <methods/>
          <lines>
            <line number="49" branch="false" hits="0"/>
            <line number="50" branch="false" hits="0"/>
            <line number="52" branch="false" hits="208"/>
            <line number="56" branch="false" hits="208"/>
            <line number="57" branch="false" hits="208"/>
            <line number="58" branch="false" hits="208"/>
            <line number="61" branch="false" hits="0"/>
            <line number="62" branch="false" hits="0"/>
            <line number="63" branch="false" hits="0"/>
          </lines>
        </class>
      </classes>
    </package>
    <package name="...wire-ios-utilities.Source" line-rate="0.6673850574712644" branch-rate="1.0000000000000000" complexity="0.0">
      <classes>
        <class name="NSData+ZMAdditions.m" filename="../wire-ios-utilities/Source/NSData+ZMAdditions.m" line-rate="0.0884353741496599" branch-rate="1.0000000000000000" complexity="0.0">
          <methods/>
          <lines>
            <line number="31" branch="false" hits="5"/>
            <line number="32" branch="false" hits="5"/>
            <line number="33" branch="false" hits="5"/>
            <line number="34" branch="false" hits="3"/>
            <line number="35" branch="false" hits="3"/>
            <line number="36" branch="false" hits="5"/>
            <line number="37" branch="false" hits="2"/>
            <line number="38" branch="false" hits="3"/>
            <line number="39" branch="false" hits="2"/>
            <line number="40" branch="false" hits="2"/>
            <line number="41" branch="false" hits="5"/>
            <line number="42" branch="false" hits="1"/>
            <line number="43" branch="false" hits="5"/>
            <line number="52" branch="false" hits="0"/>
            <line number="53" branch="false" hits="0"/>
            <line number="54" branch="false" hits="0"/>
            <line number="55" branch="false" hits="0"/>
            <line number="56" branch="false" hits="0"/>
            <line number="57" branch="false" hits="0"/>
            <line number="58" branch="false" hits="0"/>
            <line number="59" branch="false" hits="0"/>
            <line number="60" branch="false" hits="0"/>
            <line number="61" branch="false" hits="0"/>
            <line number="62" branch="false" hits="0"/>
            <line number="63" branch="false" hits="0"/>
            <line number="64" branch="false" hits="0"/>
            <line number="65" branch="false" hits="0"/>
            <line number="66" branch="false" hits="0"/>
            <line number="67" branch="false" hits="0"/>
            <line number="68" branch="false" hits="0"/>
            <line number="69" branch="false" hits="0"/>
            <line number="70" branch="false" hits="0"/>
            <line number="71" branch="false" hits="0"/>
            <line number="72" branch="false" hits="0"/>
            <line number="73" branch="false" hits="0"/>
            <line number="74" branch="false" hits="0"/>
            <line number="75" branch="false" hits="0"/>
            <line number="76" branch="false" hits="0"/>
            <line number="77" branch="false" hits="0"/>
            <line number="78" branch="false" hits="0"/>
            <line number="79" branch="false" hits="0"/>
            <line number="80" branch="false" hits="0"/>
            <line number="81" branch="false" hits="0"/>
            <line number="82" branch="false" hits="0"/>
            <line number="83" branch="false" hits="0"/>
            <line number="84" branch="false" hits="0"/>
            <line number="85" branch="false" hits="0"/>
            <line number="86" branch="false" hits="0"/>
            <line number="87" branch="false" hits="0"/>
            <line number="88" branch="false" hits="0"/>
            <line number="89" branch="false" hits="0"/>
            <line number="90" branch="false" hits="0"/>
            <line number="91" branch="false" hits="0"/>
            <line number="92" branch="false" hits="0"/>
            <line number="93" branch="false" hits="0"/>
            <line number="94" branch="false" hits="0"/>
            <line number="95" branch="false" hits="0"/>
            <line number="96" branch="false" hits="0"/>
            <line number="97" branch="false" hits="0"/>
            <line number="98" branch="false" hits="0"/>
            <line number="99" branch="false" hits="0"/>
            <line number="100" branch="false" hits="0"/>
            <line number="101" branch="false" hits="0"/>
            <line number="102" branch="false" hits="0"/>
            <line number="103" branch="false" hits="0"/>
            <line number="104" branch="false" hits="0"/>
            <line number="105" branch="false" hits="0"/>
            <line number="106" branch="false" hits="0"/>
            <line number="107" branch="false" hits="0"/>
            <line number="108" branch="false" hits="0"/>
            <line number="109" branch="false" hits="0"/>
            <line number="110" branch="false" hits="0"/>
            <line number="111" branch="false" hits="0"/>
            <line number="112" branch="false" hits="0"/>
            <line number="113" branch="false" hits="0"/>
            <line number="114" branch="false" hits="0"/>
            <line number="115" branch="false" hits="0"/>
            <line number="124" branch="false" hits="0"/>
            <line number="125" branch="false" hits="0"/>
            <line number="126" branch="false" hits="0"/>
            <line number="127" branch="false" hits="0"/>
            <line number="128" branch="false" hits="0"/>
            <line number="129" branch="false" hits="0"/>
            <line number="138" branch="false" hits="0"/>
            <line number="139" branch="false" hits="0"/>
            <line number="140" branch="false" hits="0"/>
            <line number="141" branch="false" hits="0"/>
            <line number="142" branch="false" hits="0"/>
            <line number="143" branch="false" hits="0"/>
            <line number="144" branch="false" hits="0"/>
            <line number="145" branch="false" hits="0"/>
            <line number="146" branch="false" hits="0"/>
            <line number="147" branch="false" hits="0"/>
            <line number="148" branch="false" hits="0"/>
            <line number="149" branch="false" hits="0"/>
            <line number="150" branch="false" hits="0"/>
            <line number="151" branch="false" hits="0"/>
            <line number="152" branch="false" hits="0"/>
            <line number="153" branch="false" hits="0"/>
            <line number="154" branch="false" hits="0"/>
            <line number="155" branch="false" hits="0"/>
            <line number="156" branch="false" hits="0"/>
            <line number="157" branch="false" hits="0"/>
            <line number="158" branch="false" hits="0"/>
            <line number="159" branch="false" hits="0"/>
            <line number="160" branch="false" hits="0"/>
            <line number="161" branch="false" hits="0"/>
            <line number="162" branch="false" hits="0"/>
            <line number="163" branch="false" hits="0"/>
            <line number="164" branch="false" hits="0"/>
            <line number="165" branch="false" hits="0"/>
            <line number="166" branch="false" hits="0"/>
            <line number="167" branch="false" hits="0"/>
            <line number="168" branch="false" hits="0"/>
            <line number="169" branch="false" hits="0"/>
            <line number="170" branch="false" hits="0"/>
            <line number="171" branch="false" hits="0"/>
            <line number="172" branch="false" hits="0"/>
            <line number="173" branch="false" hits="0"/>
            <line number="174" branch="false" hits="0"/>
            <line number="175" branch="false" hits="0"/>
            <line number="176" branch="false" hits="0"/>
            <line number="177" branch="false" hits="0"/>
            <line number="178" branch="false" hits="0"/>
            <line number="179" branch="false" hits="0"/>
            <line number="180" branch="false" hits="0"/>
            <line number="181" branch="false" hits="0"/>
            <line number="182" branch="false" hits="0"/>
            <line number="183" branch="false" hits="0"/>
            <line number="184" branch="false" hits="0"/>
            <line number="185" branch="false" hits="0"/>
            <line number="186" branch="false" hits="0"/>
            <line number="187" branch="false" hits="0"/>
            <line number="188" branch="false" hits="0"/>
            <line number="189" branch="false" hits="0"/>
            <line number="190" branch="false" hits="0"/>
            <line number="191" branch="false" hits="0"/>
            <line number="192" branch="false" hits="0"/>
            <line number="193" branch="false" hits="0"/>
            <line number="194" branch="false" hits="0"/>
            <line number="195" branch="false" hits="0"/>
            <line number="196" branch="false" hits="0"/>
            <line number="197" branch="false" hits="0"/>
            <line number="198" branch="false" hits="0"/>
            <line number="199" branch="false" hits="0"/>
            <line number="200" branch="false" hits="0"/>
            <line number="201" branch="false" hits="0"/>
          </lines>
        </class>
        <class name="NSData+ZMSCrypto.m" filename="../wire-ios-utilities/Source/NSData+ZMSCrypto.m" line-rate="0.8326848249027238" branch-rate="1.0000000000000000" complexity="0.0">
          <methods/>
          <lines>
            <line number="30" branch="false" hits="1"/>
            <line number="31" branch="false" hits="1"/>
            <line number="32" branch="false" hits="1"/>
            <line number="33" branch="false" hits="1"/>
            <line number="34" branch="false" hits="1"/>
            <line number="35" branch="false" hits="1"/>
            <line number="36" branch="false" hits="1"/>
            <line number="37" branch="false" hits="1"/>
            <line number="38" branch="false" hits="1"/>
            <line number="39" branch="false" hits="1"/>
            <line number="40" branch="false" hits="1"/>
            <line number="43" branch="false" hits="2"/>
            <line number="44" branch="false" hits="2"/>
            <line number="45" branch="false" hits="2"/>
            <line number="46" branch="false" hits="2"/>
            <line number="47" branch="false" hits="2"/>
            <line number="48" branch="false" hits="2"/>
            <line number="49" branch="false" hits="2"/>
            <line number="50" branch="false" hits="2"/>
            <line number="51" branch="false" hits="2"/>
            <line number="52" branch="false" hits="2"/>
            <line number="53" branch="false" hits="2"/>
            <line number="56" branch="false" hits="100"/>
            <line number="57" branch="false" hits="100"/>
            <line number="58" branch="false" hits="100"/>
            <line number="61" branch="false" hits="2"/>
            <line number="62" branch="false" hits="2"/>
            <line number="63" branch="false" hits="2"/>
            <line number="64" branch="false" hits="2"/>
            <line number="65" branch="false" hits="2"/>
            <line number="66" branch="false" hits="2"/>
            <line number="67" branch="false" hits="2"/>
            <line number="68" branch="false" hits="2"/>
            <line number="69" branch="false" hits="2"/>
            <line number="70" branch="false" hits="2"/>
            <line number="71" branch="false" hits="2"/>
            <line number="80" branch="false" hits="0"/>
            <line number="81" branch="false" hits="0"/>
            <line number="82" branch="false" hits="0"/>
            <line number="90" branch="false" hits="100"/>
            <line number="91" branch="false" hits="100"/>
            <line number="92" branch="false" hits="100"/>
            <line number="95" branch="false" hits="405"/>
            <line number="96" branch="false" hits="405"/>
            <line number="97" branch="false" hits="405"/>
            <line number="98" branch="false" hits="405"/>
            <line number="99" branch="false" hits="405"/>
            <line number="100" branch="false" hits="405"/>
            <line number="103" branch="false" hits="101"/>
            <line number="104" branch="false" hits="101"/>
            <line number="105" branch="false" hits="101"/>
            <line number="106" branch="false" hits="101"/>
            <line number="107" branch="false" hits="101"/>
            <line number="108" branch="false" hits="101"/>
            <line number="109" branch="false" hits="101"/>
            <line number="110" branch="false" hits="101"/>
            <line number="111" branch="false" hits="0"/>
            <line number="112" branch="false" hits="0"/>
            <line number="113" branch="false" hits="101"/>
            <line number="114" branch="false" hits="101"/>
            <line number="115" branch="false" hits="101"/>
            <line number="116" branch="false" hits="101"/>
            <line number="117" branch="false" hits="101"/>
            <line number="118" branch="false" hits="101"/>
            <line number="119" branch="false" hits="101"/>
            <line number="120" branch="false" hits="101"/>
            <line number="121" branch="false" hits="101"/>
            <line number="122" branch="false" hits="101"/>
            <line number="123" branch="false" hits="101"/>
            <line number="124" branch="false" hits="101"/>
            <line number="125" branch="false" hits="101"/>
            <line number="126" branch="false" hits="101"/>
            <line number="127" branch="false" hits="101"/>
            <line number="128" branch="false" hits="101"/>
            <line number="129" branch="false" hits="101"/>
            <line number="130" branch="false" hits="101"/>
            <line number="131" branch="false" hits="101"/>
            <line number="132" branch="false" hits="101"/>
            <line number="133" branch="false" hits="101"/>
            <line number="134" branch="false" hits="101"/>
            <line number="135" branch="false" hits="101"/>
            <line number="136" branch="false" hits="101"/>
            <line number="137" branch="false" hits="101"/>
            <line number="138" branch="false" hits="101"/>
            <line number="139" branch="false" hits="0"/>
            <line number="140" branch="false" hits="0"/>
            <line number="141" branch="false" hits="0"/>
            <line number="142" branch="false" hits="101"/>
            <line number="143" branch="false" hits="101"/>
            <line number="144" branch="false" hits="101"/>
            <line number="145" branch="false" hits="101"/>
            <line number="146" branch="false" hits="101"/>
            <line number="147" branch="false" hits="0"/>
            <line number="148" branch="false" hits="0"/>
            <line number="149" branch="false" hits="0"/>
            <line number="150" branch="false" hits="101"/>
            <line number="151" branch="false" hits="101"/>
            <line number="152" branch="false" hits="101"/>
            <line number="153" branch="false" hits="0"/>
            <line number="154" branch="false" hits="0"/>
            <line number="155" branch="false" hits="0"/>
            <line number="156" branch="false" hits="101"/>
            <line number="157" branch="false" hits="101"/>
            <line number="158" branch="false" hits="101"/>
            <line number="159" branch="false" hits="101"/>
            <line number="160" branch="false" hits="101"/>
            <line number="161" branch="false" hits="101"/>
            <line number="162" branch="false" hits="101"/>
            <line number="163" branch="false" hits="101"/>
            <line number="164" branch="false" hits="0"/>
            <line number="165" branch="false" hits="0"/>
            <line number="166" branch="false" hits="0"/>
            <line number="167" branch="false" hits="101"/>
            <line number="168" branch="false" hits="101"/>
            <line number="169" branch="false" hits="101"/>
            <line number="170" branch="false" hits="101"/>
            <line number="171" branch="false" hits="101"/>
            <line number="172" branch="false" hits="0"/>
            <line number="173" branch="false" hits="0"/>
            <line number="174" branch="false" hits="0"/>
            <line number="175" branch="false" hits="101"/>
            <line number="176" branch="false" hits="101"/>
            <line number="177" branch="false" hits="101"/>
            <line number="178" branch="false" hits="101"/>
            <line number="179" branch="false" hits="101"/>
            <line number="180" branch="false" hits="101"/>
            <line number="181" branch="false" hits="101"/>
            <line number="182" branch="false" hits="101"/>
            <line number="185" branch="false" hits="1"/>
            <line number="186" branch="false" hits="1"/>
            <line number="187" branch="false" hits="1"/>
            <line number="188" branch="false" hits="1"/>
            <line number="189" branch="false" hits="1"/>
            <line number="190" branch="false" hits="1"/>
            <line number="191" branch="false" hits="1"/>
            <line number="192" branch="false" hits="1"/>
            <line number="193" branch="false" hits="0"/>
            <line number="194" branch="false" hits="0"/>
            <line number="195" branch="false" hits="1"/>
            <line number="196" branch="false" hits="1"/>
            <line number="197" branch="false" hits="1"/>
            <line number="198" branch="false" hits="1"/>
            <line number="199" branch="false" hits="1"/>
            <line number="200" branch="false" hits="1"/>
            <line number="201" branch="false" hits="1"/>
            <line number="202" branch="false" hits="1"/>
            <line number="203" branch="false" hits="1"/>
            <line number="204" branch="false" hits="1"/>
            <line number="205" branch="false" hits="1"/>
            <line number="206" branch="false" hits="1"/>
            <line number="207" branch="false" hits="0"/>
            <line number="208" branch="false" hits="0"/>
            <line number="209" branch="false" hits="0"/>
            <line number="210" branch="false" hits="1"/>
            <line number="211" branch="false" hits="1"/>
            <line number="212" branch="false" hits="1"/>
            <line number="213" branch="false" hits="1"/>
            <line number="214" branch="false" hits="1"/>
            <line number="215" branch="false" hits="0"/>
            <line number="216" branch="false" hits="0"/>
            <line number="217" branch="false" hits="0"/>
            <line number="218" branch="false" hits="1"/>
            <line number="219" branch="false" hits="1"/>
            <line number="220" branch="false" hits="1"/>
            <line number="221" branch="false" hits="0"/>
            <line number="222" branch="false" hits="0"/>
            <line number="223" branch="false" hits="0"/>
            <line number="224" branch="false" hits="1"/>
            <line number="225" branch="false" hits="1"/>
            <line number="226" branch="false" hits="1"/>
            <line number="227" branch="false" hits="1"/>
            <line number="228" branch="false" hits="1"/>
            <line number="229" branch="false" hits="1"/>
            <line number="230" branch="false" hits="1"/>
            <line number="231" branch="false" hits="1"/>
            <line number="232" branch="false" hits="0"/>
            <line number="233" branch="false" hits="0"/>
            <line number="234" branch="false" hits="0"/>
            <line number="235" branch="false" hits="1"/>
            <line number="236" branch="false" hits="1"/>
            <line number="237" branch="false" hits="1"/>
            <line number="238" branch="false" hits="1"/>
            <line number="239" branch="false" hits="1"/>
            <line number="240" branch="false" hits="0"/>
            <line number="241" branch="false" hits="0"/>
            <line number="242" branch="false" hits="0"/>
            <line number="243" branch="false" hits="1"/>
            <line number="244" branch="false" hits="1"/>
            <line number="245" branch="false" hits="1"/>
            <line number="246" branch="false" hits="1"/>
            <line number="247" branch="false" hits="1"/>
            <line number="248" branch="false" hits="1"/>
            <line number="249" branch="false" hits="1"/>
            <line number="250" branch="false" hits="1"/>
            <line number="251" branch="false" hits="1"/>
            <line number="252" branch="false" hits="1"/>
            <line number="255" branch="false" hits="101"/>
            <line number="256" branch="false" hits="101"/>
            <line number="257" branch="false" hits="101"/>
            <line number="258" branch="false" hits="101"/>
            <line number="259" branch="false" hits="101"/>
            <line number="260" branch="false" hits="101"/>
            <line number="261" branch="false" hits="101"/>
            <line number="262" branch="false" hits="101"/>
            <line number="263" branch="false" hits="101"/>
            <line number="264" branch="false" hits="101"/>
            <line number="265" branch="false" hits="101"/>
            <line number="266" branch="false" hits="101"/>
            <line number="267" branch="false" hits="101"/>
            <line number="268" branch="false" hits="101"/>
            <line number="269" branch="false" hits="101"/>
            <line number="270" branch="false" hits="101"/>
            <line number="271" branch="false" hits="101"/>
            <line number="272" branch="false" hits="101"/>
            <line number="273" branch="false" hits="101"/>
            <line number="274" branch="false" hits="0"/>
            <line number="275" branch="false" hits="0"/>
            <line number="276" branch="false" hits="0"/>
            <line number="277" branch="false" hits="101"/>
            <line number="278" branch="false" hits="101"/>
            <line number="279" branch="false" hits="101"/>
            <line number="280" branch="false" hits="101"/>
            <line number="281" branch="false" hits="101"/>
            <line number="282" branch="false" hits="101"/>
            <line number="283" branch="false" hits="101"/>
            <line number="286" branch="false" hits="4"/>
            <line number="287" branch="false" hits="4"/>
            <line number="288" branch="false" hits="4"/>
            <line number="289" branch="false" hits="3"/>
            <line number="290" branch="false" hits="3"/>
            <line number="291" branch="false" hits="3"/>
            <line number="292" branch="false" hits="3"/>
            <line number="293" branch="false" hits="3"/>
            <line number="294" branch="false" hits="3"/>
            <line number="295" branch="false" hits="3"/>
            <line number="296" branch="false" hits="3"/>
            <line number="297" branch="false" hits="3"/>
            <line number="298" branch="false" hits="3"/>
            <line number="299" branch="false" hits="3"/>
            <line number="300" branch="false" hits="3"/>
            <line number="301" branch="false" hits="3"/>
            <line number="302" branch="false" hits="3"/>
            <line number="303" branch="false" hits="3"/>
            <line number="304" branch="false" hits="3"/>
            <line number="305" branch="false" hits="3"/>
            <line number="306" branch="false" hits="3"/>
            <line number="307" branch="false" hits="3"/>
            <line number="308" branch="false" hits="3"/>
            <line number="309" branch="false" hits="0"/>
            <line number="310" branch="false" hits="0"/>
            <line number="311" branch="false" hits="0"/>
            <line number="312" branch="false" hits="3"/>
            <line number="313" branch="false" hits="3"/>
            <line number="314" branch="false" hits="3"/>
            <line number="315" branch="false" hits="3"/>
            <line number="316" branch="false" hits="3"/>
            <line number="317" branch="false" hits="3"/>
          </lines>
        </class>
        <class name="NSDate+Utility.m" filename="../wire-ios-utilities/Source/NSDate+Utility.m" line-rate="1.0000000000000000" branch-rate="1.0000000000000000" complexity="0.0">
          <methods/>
          <lines>
            <line number="25" branch="false" hits="4"/>
            <line number="26" branch="false" hits="4"/>
            <line number="27" branch="false" hits="1"/>
            <line number="28" branch="false" hits="1"/>
            <line number="29" branch="false" hits="3"/>
            <line number="30" branch="false" hits="1"/>
            <line number="31" branch="false" hits="1"/>
            <line number="32" branch="false" hits="2"/>
            <line number="33" branch="false" hits="3"/>
            <line number="36" branch="false" hits="4"/>
            <line number="37" branch="false" hits="4"/>
            <line number="38" branch="false" hits="1"/>
            <line number="39" branch="false" hits="1"/>
            <line number="40" branch="false" hits="3"/>
            <line number="41" branch="false" hits="1"/>
            <line number="42" branch="false" hits="1"/>
            <line number="43" branch="false" hits="2"/>
            <line number="44" branch="false" hits="3"/>
          </lines>
        </class>
        <class name="NSLocale+Internal.m" filename="../wire-ios-utilities/Source/NSLocale+Internal.m" line-rate="0.0000000000000000" branch-rate="1.0000000000000000" complexity="0.0">
          <methods/>
          <lines>
            <line number="25" branch="false" hits="0"/>
            <line number="26" branch="false" hits="0"/>
            <line number="27" branch="false" hits="0"/>
            <line number="28" branch="false" hits="0"/>
            <line number="29" branch="false" hits="0"/>
            <line number="30" branch="false" hits="0"/>
            <line number="31" branch="false" hits="0"/>
            <line number="32" branch="false" hits="0"/>
            <line number="35" branch="false" hits="0"/>
            <line number="36" branch="false" hits="0"/>
            <line number="37" branch="false" hits="0"/>
          </lines>
        </class>
        <class name="NSManagedObjectContext+ZMUtilities.m" filename="../wire-ios-utilities/Source/NSManagedObjectContext+ZMUtilities.m" line-rate="0.7830188679245284" branch-rate="1.0000000000000000" complexity="0.0">
          <methods/>
          <lines>
            <line number="33" branch="false" hits="4"/>
            <line number="34" branch="false" hits="4"/>
            <line number="35" branch="false" hits="4"/>
            <line number="36" branch="false" hits="4"/>
            <line number="37" branch="false" hits="4"/>
            <line number="38" branch="false" hits="4"/>
            <line number="39" branch="false" hits="4"/>
            <line number="40" branch="false" hits="4"/>
            <line number="41" branch="false" hits="4"/>
            <line number="42" branch="false" hits="4"/>
            <line number="43" branch="false" hits="4"/>
            <line number="44" branch="false" hits="4"/>
            <line number="45" branch="false" hits="4"/>
            <line number="48" branch="false" hits="13"/>
            <line number="49" branch="false" hits="13"/>
            <line number="50" branch="false" hits="13"/>
            <line number="51" branch="false" hits="13"/>
            <line number="52" branch="false" hits="13"/>
            <line number="53" branch="false" hits="13"/>
            <line number="54" branch="false" hits="13"/>
            <line number="55" branch="false" hits="13"/>
            <line number="56" branch="false" hits="13"/>
            <line number="59" branch="false" hits="3"/>
            <line number="60" branch="false" hits="3"/>
            <line number="61" branch="false" hits="3"/>
            <line number="62" branch="false" hits="3"/>
            <line number="63" branch="false" hits="3"/>
            <line number="64" branch="false" hits="3"/>
            <line number="65" branch="false" hits="3"/>
            <line number="66" branch="false" hits="3"/>
            <line number="67" branch="false" hits="3"/>
            <line number="70" branch="false" hits="10"/>
            <line number="71" branch="false" hits="10"/>
            <line number="72" branch="false" hits="21"/>
            <line number="73" branch="false" hits="21"/>
            <line number="74" branch="false" hits="21"/>
            <line number="75" branch="false" hits="10"/>
            <line number="76" branch="false" hits="10"/>
            <line number="79" branch="false" hits="13"/>
            <line number="80" branch="false" hits="24"/>
            <line number="81" branch="false" hits="24"/>
            <line number="82" branch="false" hits="24"/>
            <line number="83" branch="false" hits="13"/>
            <line number="86" branch="false" hits="3"/>
            <line number="87" branch="false" hits="3"/>
            <line number="88" branch="false" hits="3"/>
            <line number="89" branch="false" hits="3"/>
            <line number="90" branch="false" hits="3"/>
            <line number="91" branch="false" hits="3"/>
            <line number="92" branch="false" hits="3"/>
            <line number="93" branch="false" hits="3"/>
            <line number="96" branch="false" hits="0"/>
            <line number="97" branch="false" hits="0"/>
            <line number="98" branch="false" hits="0"/>
            <line number="99" branch="false" hits="0"/>
            <line number="101" branch="false" hits="0"/>
            <line number="102" branch="false" hits="0"/>
            <line number="103" branch="false" hits="0"/>
            <line number="106" branch="false" hits="8"/>
            <line number="107" branch="false" hits="8"/>
            <line number="108" branch="false" hits="8"/>
            <line number="109" branch="false" hits="8"/>
            <line number="110" branch="false" hits="8"/>
            <line number="111" branch="false" hits="8"/>
            <line number="112" branch="false" hits="8"/>
            <line number="113" branch="false" hits="8"/>
            <line number="114" branch="false" hits="8"/>
            <line number="115" branch="false" hits="8"/>
            <line number="118" branch="false" hits="0"/>
            <line number="119" branch="false" hits="0"/>
            <line number="120" branch="false" hits="0"/>
            <line number="121" branch="false" hits="0"/>
            <line number="122" branch="false" hits="0"/>
            <line number="123" branch="false" hits="0"/>
            <line number="124" branch="false" hits="0"/>
            <line number="125" branch="false" hits="0"/>
            <line number="126" branch="false" hits="0"/>
            <line number="127" branch="false" hits="0"/>
            <line number="130" branch="false" hits="3"/>
            <line number="131" branch="false" hits="3"/>
            <line number="132" branch="false" hits="3"/>
            <line number="133" branch="false" hits="3"/>
            <line number="134" branch="false" hits="3"/>
            <line number="135" branch="false" hits="3"/>
            <line number="136" branch="false" hits="3"/>
            <line number="137" branch="false" hits="3"/>
            <line number="138" branch="false" hits="3"/>
            <line number="139" branch="false" hits="3"/>
            <line number="140" branch="false" hits="3"/>
            <line number="143" branch="false" hits="3"/>
            <line number="144" branch="false" hits="3"/>
            <line number="145" branch="false" hits="3"/>
            <line number="148" branch="false" hits="1"/>
            <line number="149" branch="false" hits="1"/>
            <line number="150" branch="false" hits="1"/>
            <line number="151" branch="false" hits="1"/>
            <line number="152" branch="false" hits="1"/>
            <line number="153" branch="false" hits="1"/>
            <line number="154" branch="false" hits="1"/>
            <line number="155" branch="false" hits="1"/>
            <line number="158" branch="false" hits="0"/>
            <line number="159" branch="false" hits="0"/>
            <line number="160" branch="false" hits="0"/>
            <line number="161" branch="false" hits="0"/>
            <line number="162" branch="false" hits="0"/>
            <line number="163" branch="false" hits="0"/>
          </lines>
        </class>
        <class name="NSOperationQueue+Helpers.m" filename="../wire-ios-utilities/Source/NSOperationQueue+Helpers.m" line-rate="1.0000000000000000" branch-rate="1.0000000000000000" complexity="0.0">
          <methods/>
          <lines>
            <line number="26" branch="false" hits="2"/>
            <line number="27" branch="false" hits="2"/>
            <line number="28" branch="false" hits="2"/>
            <line number="29" branch="false" hits="2"/>
            <line number="30" branch="false" hits="2"/>
            <line number="31" branch="false" hits="2"/>
          </lines>
        </class>
        <class name="NSOrderedSet+Zeta.m" filename="../wire-ios-utilities/Source/NSOrderedSet+Zeta.m" line-rate="0.7192982456140351" branch-rate="1.0000000000000000" complexity="0.0">
          <methods/>
          <lines>
            <line number="27" branch="false" hits="0"/>
            <line number="28" branch="false" hits="0"/>
            <line number="29" branch="false" hits="0"/>
            <line number="30" branch="false" hits="0"/>
            <line number="31" branch="false" hits="0"/>
            <line number="40" branch="false" hits="10000"/>
            <line number="41" branch="false" hits="10000"/>
            <line number="42" branch="false" hits="10000"/>
            <line number="43" branch="false" hits="10000"/>
            <line number="44" branch="false" hits="98900"/>
            <line number="45" branch="false" hits="98900"/>
            <line number="46" branch="false" hits="98900"/>
            <line number="47" branch="false" hits="98900"/>
            <line number="48" branch="false" hits="89400"/>
            <line number="49" branch="false" hits="89400"/>
            <line number="50" branch="false" hits="98900"/>
            <line number="51" branch="false" hits="9510"/>
            <line number="52" branch="false" hits="98900"/>
            <line number="53" branch="false" hits="10000"/>
            <line number="54" branch="false" hits="10000"/>
            <line number="55" branch="false" hits="10000"/>
            <line number="56" branch="false" hits="10000"/>
            <line number="59" branch="false" hits="0"/>
            <line number="60" branch="false" hits="0"/>
            <line number="61" branch="false" hits="0"/>
            <line number="62" branch="false" hits="0"/>
            <line number="63" branch="false" hits="0"/>
            <line number="64" branch="false" hits="0"/>
            <line number="65" branch="false" hits="0"/>
            <line number="66" branch="false" hits="0"/>
            <line number="75" branch="false" hits="3"/>
            <line number="76" branch="false" hits="3"/>
            <line number="77" branch="false" hits="3"/>
            <line number="80" branch="false" hits="3"/>
            <line number="81" branch="false" hits="4"/>
            <line number="82" branch="false" hits="4"/>
            <line number="83" branch="false" hits="4"/>
            <line number="84" branch="false" hits="4"/>
            <line number="85" branch="false" hits="4"/>
            <line number="86" branch="false" hits="4"/>
            <line number="87" branch="false" hits="4"/>
            <line number="88" branch="false" hits="0"/>
            <line number="89" branch="false" hits="4"/>
            <line number="90" branch="false" hits="3"/>
            <line number="91" branch="false" hits="3"/>
            <line number="92" branch="false" hits="6"/>
            <line number="93" branch="false" hits="6"/>
            <line number="94" branch="false" hits="0"/>
            <line number="95" branch="false" hits="0"/>
            <line number="96" branch="false" hits="6"/>
            <line number="97" branch="false" hits="2"/>
            <line number="98" branch="false" hits="4"/>
            <line number="99" branch="false" hits="2"/>
            <line number="100" branch="false" hits="2"/>
            <line number="101" branch="false" hits="6"/>
            <line number="102" branch="false" hits="3"/>
            <line number="103" branch="false" hits="3"/>
          </lines>
        </class>
        <class name="NSSet+Zeta.m" filename="../wire-ios-utilities/Source/NSSet+Zeta.m" line-rate="0.9310344827586207" branch-rate="1.0000000000000000" complexity="0.0">
          <methods/>
          <lines>
            <line number="27" branch="false" hits="2"/>
            <line number="28" branch="false" hits="2"/>
            <line number="29" branch="false" hits="1"/>
            <line number="30" branch="false" hits="1"/>
            <line number="31" branch="false" hits="0"/>
            <line number="32" branch="false" hits="0"/>
            <line number="33" branch="false" hits="1"/>
            <line number="34" branch="false" hits="3"/>
            <line number="35" branch="false" hits="2"/>
            <line number="36" branch="false" hits="2"/>
            <line number="37" branch="false" hits="1"/>
            <line number="38" branch="false" hits="2"/>
            <line number="41" branch="false" hits="2"/>
            <line number="42" branch="false" hits="2"/>
            <line number="43" branch="false" hits="2"/>
            <line number="44" branch="false" hits="2"/>
            <line number="45" branch="false" hits="1"/>
            <line number="46" branch="false" hits="1"/>
            <line number="47" branch="false" hits="2"/>
            <line number="48" branch="false" hits="2"/>
            <line number="49" branch="false" hits="2"/>
            <line number="50" branch="false" hits="1"/>
            <line number="51" branch="false" hits="1"/>
            <line number="52" branch="false" hits="1"/>
            <line number="53" branch="false" hits="1"/>
            <line number="54" branch="false" hits="1"/>
            <line number="55" branch="false" hits="1"/>
            <line number="56" branch="false" hits="2"/>
            <line number="57" branch="false" hits="2"/>
          </lines>
        </class>
        <class name="NSString+Normalization.m" filename="../wire-ios-utilities/Source/NSString+Normalization.m" line-rate="0.6976744186046512" branch-rate="1.0000000000000000" complexity="0.0">
          <methods/>
          <lines>
            <line number="29" branch="false" hits="14"/>
            <line number="30" branch="false" hits="14"/>
            <line number="31" branch="false" hits="14"/>
            <line number="32" branch="false" hits="14"/>
            <line number="33" branch="false" hits="14"/>
            <line number="34" branch="false" hits="14"/>
            <line number="35" branch="false" hits="14"/>
            <line number="36" branch="false" hits="14"/>
            <line number="40" branch="false" hits="13"/>
            <line number="41" branch="false" hits="13"/>
            <line number="42" branch="false" hits="13"/>
            <line number="43" branch="false" hits="13"/>
            <line number="44" branch="false" hits="13"/>
            <line number="48" branch="false" hits="13"/>
            <line number="49" branch="false" hits="13"/>
            <line number="50" branch="false" hits="13"/>
            <line number="51" branch="false" hits="13"/>
            <line number="52" branch="false" hits="13"/>
            <line number="53" branch="false" hits="13"/>
            <line number="54" branch="false" hits="13"/>
            <line number="55" branch="false" hits="13"/>
            <line number="56" branch="false" hits="13"/>
            <line number="57" branch="false" hits="31"/>
            <line number="58" branch="false" hits="18"/>
            <line number="59" branch="false" hits="18"/>
            <line number="60" branch="false" hits="18"/>
            <line number="61" branch="false" hits="18"/>
            <line number="62" branch="false" hits="18"/>
            <line number="63" branch="false" hits="13"/>
            <line number="64" branch="false" hits="13"/>
            <line number="67" branch="false" hits="0"/>
            <line number="68" branch="false" hits="0"/>
            <line number="69" branch="false" hits="0"/>
            <line number="70" branch="false" hits="0"/>
            <line number="71" branch="false" hits="0"/>
            <line number="72" branch="false" hits="0"/>
            <line number="73" branch="false" hits="0"/>
            <line number="74" branch="false" hits="0"/>
            <line number="75" branch="false" hits="0"/>
            <line number="76" branch="false" hits="0"/>
            <line number="77" branch="false" hits="0"/>
            <line number="78" branch="false" hits="0"/>
            <line number="79" branch="false" hits="0"/>
          </lines>
        </class>
        <class name="NSURL+QueryComponents.m" filename="../wire-ios-utilities/Source/NSURL+QueryComponents.m" line-rate="1.0000000000000000" branch-rate="1.0000000000000000" complexity="0.0">
          <methods/>
          <lines>
            <line number="25" branch="false" hits="3"/>
            <line number="26" branch="false" hits="3"/>
            <line number="27" branch="false" hits="3"/>
            <line number="28" branch="false" hits="3"/>
            <line number="29" branch="false" hits="3"/>
            <line number="30" branch="false" hits="3"/>
            <line number="31" branch="false" hits="6"/>
            <line number="32" branch="false" hits="6"/>
            <line number="33" branch="false" hits="6"/>
            <line number="34" branch="false" hits="2"/>
            <line number="35" branch="false" hits="2"/>
            <line number="36" branch="false" hits="4"/>
            <line number="37" branch="false" hits="4"/>
            <line number="38" branch="false" hits="4"/>
            <line number="39" branch="false" hits="4"/>
            <line number="40" branch="false" hits="3"/>
            <line number="41" branch="false" hits="1"/>
            <line number="42" branch="false" hits="3"/>
          </lines>
        </class>
        <class name="NSUUID+Data.m" filename="../wire-ios-utilities/Source/NSUUID+Data.m" line-rate="1.0000000000000000" branch-rate="1.0000000000000000" complexity="0.0">
          <methods/>
          <lines>
            <line number="24" branch="false" hits="163"/>
            <line number="25" branch="false" hits="163"/>
            <line number="26" branch="false" hits="163"/>
            <line number="27" branch="false" hits="163"/>
            <line number="28" branch="false" hits="163"/>
          </lines>
        </class>
        <class name="NSUserDefaults+SharedUserDefaults.m" filename="../wire-ios-utilities/Source/NSUserDefaults+SharedUserDefaults.m" line-rate="1.0000000000000000" branch-rate="1.0000000000000000" complexity="0.0">
          <methods/>
          <lines>
            <line number="29" branch="false" hits="13"/>
            <line number="30" branch="false" hits="13"/>
            <line number="31" branch="false" hits="13"/>
            <line number="32" branch="false" hits="13"/>
            <line number="33" branch="false" hits="12"/>
            <line number="34" branch="false" hits="12"/>
            <line number="35" branch="false" hits="12"/>
            <line number="36" branch="false" hits="13"/>
            <line number="37" branch="false" hits="1"/>
            <line number="38" branch="false" hits="13"/>
            <line number="41" branch="false" hits="10"/>
            <line number="42" branch="false" hits="10"/>
            <line number="43" branch="false" hits="10"/>
            <line number="46" branch="false" hits="6"/>
            <line number="47" branch="false" hits="6"/>
            <line number="48" branch="false" hits="6"/>
            <line number="49" branch="false" hits="6"/>
            <line number="50" branch="false" hits="6"/>
            <line number="51" branch="false" hits="2"/>
            <line number="52" branch="false" hits="2"/>
            <line number="53" branch="false" hits="2"/>
            <line number="54" branch="false" hits="2"/>
            <line number="55" branch="false" hits="2"/>
            <line number="56" branch="false" hits="2"/>
            <line number="57" branch="false" hits="2"/>
            <line number="58" branch="false" hits="1"/>
            <line number="59" branch="false" hits="1"/>
            <line number="60" branch="false" hits="1"/>
            <line number="61" branch="false" hits="1"/>
            <line number="62" branch="false" hits="1"/>
            <line number="63" branch="false" hits="1"/>
            <line number="64" branch="false" hits="1"/>
            <line number="65" branch="false" hits="1"/>
            <line number="66" branch="false" hits="1"/>
            <line number="67" branch="false" hits="1"/>
            <line number="68" branch="false" hits="1"/>
            <line number="69" branch="false" hits="1"/>
            <line number="70" branch="false" hits="2"/>
            <line number="71" branch="false" hits="2"/>
            <line number="72" branch="false" hits="2"/>
            <line number="73" branch="false" hits="2"/>
            <line number="74" branch="false" hits="6"/>
            <line number="75" branch="false" hits="6"/>
          </lines>
        </class>
        <class name="ZMAPNSEnvironment.m" filename="../wire-ios-utilities/Source/ZMAPNSEnvironment.m" line-rate="0.7297297297297297" branch-rate="1.0000000000000000" complexity="0.0">
          <methods/>
          <lines>
            <line number="36" branch="false" hits="0"/>
            <line number="37" branch="false" hits="0"/>
            <line number="38" branch="false" hits="0"/>
            <line number="41" branch="false" hits="6"/>
            <line number="42" branch="false" hits="6"/>
            <line number="43" branch="false" hits="6"/>
            <line number="46" branch="false" hits="12"/>
            <line number="47" branch="false" hits="12"/>
            <line number="48" branch="false" hits="12"/>
            <line number="49" branch="false" hits="12"/>
            <line number="50" branch="false" hits="12"/>
            <line number="51" branch="false" hits="12"/>
            <line number="52" branch="false" hits="12"/>
            <line number="53" branch="false" hits="12"/>
            <line number="58" branch="false" hits="36"/>
            <line number="59" branch="false" hits="0"/>
            <line number="60" branch="false" hits="36"/>
            <line number="61" branch="false" hits="36"/>
            <line number="62" branch="false" hits="36"/>
            <line number="63" branch="false" hits="36"/>
            <line number="64" branch="false" hits="36"/>
            <line number="67" branch="false" hits="12"/>
            <line number="68" branch="false" hits="1"/>
            <line number="69" branch="false" hits="12"/>
            <line number="70" branch="false" hits="12"/>
            <line number="71" branch="false" hits="12"/>
            <line number="72" branch="false" hits="12"/>
            <line number="73" branch="false" hits="12"/>
            <line number="76" branch="false" hits="8"/>
            <line number="77" branch="false" hits="8"/>
            <line number="78" branch="false" hits="6"/>
            <line number="79" branch="false" hits="6"/>
            <line number="80" branch="false" hits="2"/>
            <line number="81" branch="false" hits="2"/>
            <line number="82" branch="false" hits="2"/>
            <line number="83" branch="false" hits="8"/>
            <line number="86" branch="false" hits="4"/>
            <line number="87" branch="false" hits="4"/>
            <line number="88" branch="false" hits="4"/>
            <line number="89" branch="false" hits="2"/>
            <line number="90" branch="false" hits="2"/>
            <line number="91" branch="false" hits="4"/>
            <line number="92" branch="false" hits="2"/>
            <line number="93" branch="false" hits="2"/>
            <line number="94" branch="false" hits="4"/>
            <line number="95" branch="false" hits="4"/>
            <line number="98" branch="false" hits="4"/>
            <line number="99" branch="false" hits="4"/>
            <line number="100" branch="false" hits="2"/>
            <line number="101" branch="false" hits="2"/>
            <line number="102" branch="false" hits="4"/>
            <line number="103" branch="false" hits="2"/>
            <line number="104" branch="false" hits="2"/>
            <line number="105" branch="false" hits="1"/>
            <line number="106" branch="false" hits="1"/>
            <line number="107" branch="false" hits="2"/>
            <line number="108" branch="false" hits="2"/>
            <line number="109" branch="false" hits="4"/>
            <line number="113" branch="false" hits="0"/>
            <line number="114" branch="false" hits="0"/>
            <line number="115" branch="false" hits="0"/>
            <line number="116" branch="false" hits="0"/>
            <line number="117" branch="false" hits="0"/>
            <line number="118" branch="false" hits="0"/>
            <line number="119" branch="false" hits="0"/>
            <line number="120" branch="false" hits="0"/>
            <line number="121" branch="false" hits="0"/>
            <line number="122" branch="false" hits="0"/>
            <line number="123" branch="false" hits="0"/>
            <line number="126" branch="false" hits="0"/>
            <line number="127" branch="false" hits="0"/>
            <line number="128" branch="false" hits="0"/>
            <line number="129" branch="false" hits="0"/>
            <line number="130" branch="false" hits="0"/>
          </lines>
        </class>
        <class name="ZMDebugHelpers.m" filename="../wire-ios-utilities/Source/ZMDebugHelpers.m" line-rate="0.0000000000000000" branch-rate="1.0000000000000000" complexity="0.0">
          <methods/>
          <lines>
            <line number="45" branch="false" hits="0"/>
            <line number="46" branch="false" hits="0"/>
            <line number="47" branch="false" hits="0"/>
            <line number="48" branch="false" hits="0"/>
            <line number="49" branch="false" hits="0"/>
            <line number="50" branch="false" hits="0"/>
            <line number="51" branch="false" hits="0"/>
            <line number="52" branch="false" hits="0"/>
            <line number="56" branch="false" hits="0"/>
            <line number="57" branch="false" hits="0"/>
            <line number="58" branch="false" hits="0"/>
            <line number="59" branch="false" hits="0"/>
            <line number="60" branch="false" hits="0"/>
            <line number="61" branch="false" hits="0"/>
            <line number="62" branch="false" hits="0"/>
            <line number="63" branch="false" hits="0"/>
            <line number="64" branch="false" hits="0"/>
            <line number="65" branch="false" hits="0"/>
            <line number="66" branch="false" hits="0"/>
            <line number="67" branch="false" hits="0"/>
            <line number="68" branch="false" hits="0"/>
            <line number="69" branch="false" hits="0"/>
            <line number="70" branch="false" hits="0"/>
            <line number="71" branch="false" hits="0"/>
            <line number="72" branch="false" hits="0"/>
            <line number="73" branch="false" hits="0"/>
            <line number="74" branch="false" hits="0"/>
            <line number="75" branch="false" hits="0"/>
            <line number="76" branch="false" hits="0"/>
            <line number="77" branch="false" hits="0"/>
            <line number="78" branch="false" hits="0"/>
            <line number="79" branch="false" hits="0"/>
            <line number="80" branch="false" hits="0"/>
            <line number="81" branch="false" hits="0"/>
            <line number="82" branch="false" hits="0"/>
            <line number="83" branch="false" hits="0"/>
            <line number="84" branch="false" hits="0"/>
            <line number="85" branch="false" hits="0"/>
            <line number="86" branch="false" hits="0"/>
            <line number="87" branch="false" hits="0"/>
            <line number="88" branch="false" hits="0"/>
            <line number="89" branch="false" hits="0"/>
            <line number="90" branch="false" hits="0"/>
            <line number="91" branch="false" hits="0"/>
            <line number="92" branch="false" hits="0"/>
            <line number="135" branch="false" hits="0"/>
            <line number="136" branch="false" hits="0"/>
            <line number="137" branch="false" hits="0"/>
            <line number="138" branch="false" hits="0"/>
            <line number="139" branch="false" hits="0"/>
            <line number="140" branch="false" hits="0"/>
            <line number="141" branch="false" hits="0"/>
            <line number="142" branch="false" hits="0"/>
            <line number="143" branch="false" hits="0"/>
            <line number="144" branch="false" hits="0"/>
            <line number="147" branch="false" hits="0"/>
            <line number="148" branch="false" hits="0"/>
            <line number="149" branch="false" hits="0"/>
            <line number="150" branch="false" hits="0"/>
            <line number="153" branch="false" hits="0"/>
            <line number="154" branch="false" hits="0"/>
            <line number="155" branch="false" hits="0"/>
            <line number="156" branch="false" hits="0"/>
            <line number="159" branch="false" hits="0"/>
            <line number="160" branch="false" hits="0"/>
            <line number="161" branch="false" hits="0"/>
            <line number="162" branch="false" hits="0"/>
            <line number="163" branch="false" hits="0"/>
            <line number="164" branch="false" hits="0"/>
            <line number="165" branch="false" hits="0"/>
            <line number="168" branch="false" hits="0"/>
            <line number="169" branch="false" hits="0"/>
            <line number="170" branch="false" hits="0"/>
            <line number="171" branch="false" hits="0"/>
            <line number="172" branch="false" hits="0"/>
            <line number="173" branch="false" hits="0"/>
            <line number="174" branch="false" hits="0"/>
            <line number="175" branch="false" hits="0"/>
            <line number="176" branch="false" hits="0"/>
            <line number="177" branch="false" hits="0"/>
            <line number="180" branch="false" hits="0"/>
            <line number="181" branch="false" hits="0"/>
            <line number="182" branch="false" hits="0"/>
            <line number="183" branch="false" hits="0"/>
            <line number="184" branch="false" hits="0"/>
            <line number="185" branch="false" hits="0"/>
            <line number="186" branch="false" hits="0"/>
            <line number="189" branch="false" hits="0"/>
            <line number="190" branch="false" hits="0"/>
            <line number="191" branch="false" hits="0"/>
          </lines>
        </class>
        <class name="ZMDeploymentEnvironment.m" filename="../wire-ios-utilities/Source/ZMDeploymentEnvironment.m" line-rate="0.8181818181818182" branch-rate="1.0000000000000000" complexity="0.0">
          <methods/>
          <lines>
            <line number="32" branch="false" hits="3"/>
            <line number="33" branch="false" hits="1"/>
            <line number="34" branch="false" hits="3"/>
            <line number="35" branch="false" hits="2"/>
            <line number="36" branch="false" hits="1"/>
            <line number="37" branch="false" hits="2"/>
            <line number="38" branch="false" hits="3"/>
            <line number="39" branch="false" hits="0"/>
            <line number="40" branch="false" hits="0"/>
            <line number="41" branch="false" hits="3"/>
            <line number="42" branch="false" hits="3"/>
          </lines>
        </class>
        <class name="ZMEncodedNSUUIDWithTimestamp.m" filename="../wire-ios-utilities/Source/ZMEncodedNSUUIDWithTimestamp.m" line-rate="0.6216216216216216" branch-rate="1.0000000000000000" complexity="0.0">
          <methods/>
          <lines>
            <line number="51" branch="false" hits="1"/>
            <line number="52" branch="false" hits="1"/>
            <line number="53" branch="false" hits="1"/>
            <line number="54" branch="false" hits="1"/>
            <line number="55" branch="false" hits="1"/>
            <line number="56" branch="false" hits="1"/>
            <line number="57" branch="false" hits="1"/>
            <line number="58" branch="false" hits="1"/>
            <line number="61" branch="false" hits="7"/>
            <line number="62" branch="false" hits="7"/>
            <line number="63" branch="false" hits="7"/>
            <line number="64" branch="false" hits="7"/>
            <line number="65" branch="false" hits="7"/>
            <line number="66" branch="false" hits="7"/>
            <line number="67" branch="false" hits="7"/>
            <line number="68" branch="false" hits="7"/>
            <line number="69" branch="false" hits="7"/>
            <line number="72" branch="false" hits="7"/>
            <line number="73" branch="false" hits="7"/>
            <line number="74" branch="false" hits="7"/>
            <line number="75" branch="false" hits="7"/>
            <line number="78" branch="false" hits="1"/>
            <line number="79" branch="false" hits="1"/>
            <line number="80" branch="false" hits="1"/>
            <line number="83" branch="false" hits="7"/>
            <line number="84" branch="false" hits="7"/>
            <line number="85" branch="false" hits="7"/>
            <line number="86" branch="false" hits="7"/>
            <line number="87" branch="false" hits="7"/>
            <line number="88" branch="false" hits="7"/>
            <line number="89" branch="false" hits="7"/>
            <line number="90" branch="false" hits="7"/>
            <line number="91" branch="false" hits="7"/>
            <line number="92" branch="false" hits="7"/>
            <line number="93" branch="false" hits="7"/>
            <line number="94" branch="false" hits="7"/>
            <line number="95" branch="false" hits="7"/>
            <line number="96" branch="false" hits="7"/>
            <line number="97" branch="false" hits="7"/>
            <line number="98" branch="false" hits="7"/>
            <line number="99" branch="false" hits="7"/>
            <line number="100" branch="false" hits="7"/>
            <line number="101" branch="false" hits="7"/>
            <line number="102" branch="false" hits="7"/>
            <line number="103" branch="false" hits="7"/>
            <line number="104" branch="false" hits="7"/>
            <line number="105" branch="false" hits="7"/>
            <line number="106" branch="false" hits="7"/>
            <line number="107" branch="false" hits="0"/>
            <line number="108" branch="false" hits="0"/>
            <line number="109" branch="false" hits="0"/>
            <line number="110" branch="false" hits="7"/>
            <line number="111" branch="false" hits="7"/>
            <line number="112" branch="false" hits="7"/>
            <line number="113" branch="false" hits="7"/>
            <line number="114" branch="false" hits="7"/>
            <line number="115" branch="false" hits="0"/>
            <line number="116" branch="false" hits="0"/>
            <line number="117" branch="false" hits="0"/>
            <line number="118" branch="false" hits="7"/>
            <line number="119" branch="false" hits="7"/>
            <line number="120" branch="false" hits="7"/>
            <line number="121" branch="false" hits="0"/>
            <line number="122" branch="false" hits="0"/>
            <line number="123" branch="false" hits="0"/>
            <line number="124" branch="false" hits="7"/>
            <line number="125" branch="false" hits="7"/>
            <line number="126" branch="false" hits="7"/>
            <line number="127" branch="false" hits="7"/>
            <line number="128" branch="false" hits="7"/>
            <line number="129" branch="false" hits="7"/>
            <line number="130" branch="false" hits="7"/>
            <line number="131" branch="false" hits="7"/>
            <line number="132" branch="false" hits="7"/>
            <line number="133" branch="false" hits="7"/>
            <line number="136" branch="false" hits="1"/>
            <line number="137" branch="false" hits="1"/>
            <line number="138" branch="false" hits="1"/>
            <line number="139" branch="false" hits="0"/>
            <line number="140" branch="false" hits="0"/>
            <line number="141" branch="false" hits="1"/>
            <line number="142" branch="false" hits="1"/>
            <line number="143" branch="false" hits="1"/>
            <line number="144" branch="false" hits="1"/>
            <line number="145" branch="false" hits="1"/>
            <line number="146" branch="false" hits="1"/>
            <line number="147" branch="false" hits="1"/>
            <line number="148" branch="false" hits="1"/>
            <line number="149" branch="false" hits="1"/>
            <line number="150" branch="false" hits="1"/>
            <line number="151" branch="false" hits="0"/>
            <line number="152" branch="false" hits="0"/>
            <line number="153" branch="false" hits="0"/>
            <line number="154" branch="false" hits="0"/>
            <line number="155" branch="false" hits="0"/>
            <line number="156" branch="false" hits="1"/>
            <line number="157" branch="false" hits="1"/>
            <line number="158" branch="false" hits="1"/>
            <line number="159" branch="false" hits="1"/>
            <line number="160" branch="false" hits="1"/>
            <line number="161" branch="false" hits="1"/>
            <line number="162" branch="false" hits="1"/>
            <line number="163" branch="false" hits="1"/>
            <line number="164" branch="false" hits="1"/>
            <line number="165" branch="false" hits="1"/>
            <line number="166" branch="false" hits="1"/>
            <line number="167" branch="false" hits="1"/>
            <line number="168" branch="false" hits="1"/>
            <line number="171" branch="false" hits="0"/>
            <line number="172" branch="false" hits="0"/>
            <line number="173" branch="false" hits="0"/>
            <line number="174" branch="false" hits="0"/>
            <line number="175" branch="false" hits="0"/>
            <line number="176" branch="false" hits="0"/>
            <line number="177" branch="false" hits="0"/>
            <line number="178" branch="false" hits="0"/>
            <line number="179" branch="false" hits="0"/>
            <line number="180" branch="false" hits="0"/>
            <line number="181" branch="false" hits="0"/>
            <line number="184" branch="false" hits="0"/>
            <line number="185" branch="false" hits="0"/>
            <line number="186" branch="false" hits="0"/>
            <line number="187" branch="false" hits="0"/>
            <line number="188" branch="false" hits="0"/>
            <line number="189" branch="false" hits="0"/>
            <line number="190" branch="false" hits="0"/>
            <line number="191" branch="false" hits="0"/>
            <line number="195" branch="false" hits="0"/>
            <line number="196" branch="false" hits="0"/>
            <line number="197" branch="false" hits="0"/>
            <line number="198" branch="false" hits="0"/>
            <line number="199" branch="false" hits="0"/>
            <line number="200" branch="false" hits="0"/>
            <line number="201" branch="false" hits="0"/>
            <line number="202" branch="false" hits="0"/>
            <line number="203" branch="false" hits="0"/>
            <line number="206" branch="false" hits="0"/>
            <line number="207" branch="false" hits="0"/>
            <line number="208" branch="false" hits="0"/>
            <line number="209" branch="false" hits="0"/>
            <line number="210" branch="false" hits="0"/>
            <line number="211" branch="false" hits="0"/>
            <line number="212" branch="false" hits="0"/>
            <line number="213" branch="false" hits="0"/>
            <line number="214" branch="false" hits="0"/>
            <line number="215" branch="false" hits="0"/>
            <line number="216" branch="false" hits="0"/>
            <line number="217" branch="false" hits="0"/>
          </lines>
        </class>
        <class name="ZMFunctional+noARC.m" filename="../wire-ios-utilities/Source/ZMFunctional+noARC.m" line-rate="1.0000000000000000" branch-rate="1.0000000000000000" complexity="0.0">
          <methods/>
          <lines>
            <line number="30" branch="false" hits="2"/>
            <line number="31" branch="false" hits="2"/>
            <line number="32" branch="false" hits="6"/>
            <line number="33" branch="false" hits="6"/>
            <line number="34" branch="false" hits="6"/>
            <line number="35" branch="false" hits="6"/>
            <line number="36" branch="false" hits="5"/>
            <line number="37" branch="false" hits="5"/>
            <line number="38" branch="false" hits="6"/>
            <line number="39" branch="false" hits="6"/>
            <line number="40" branch="false" hits="2"/>
            <line number="41" branch="false" hits="2"/>
            <line number="44" branch="false" hits="3"/>
            <line number="45" branch="false" hits="9"/>
            <line number="46" branch="false" hits="9"/>
            <line number="47" branch="false" hits="9"/>
            <line number="48" branch="false" hits="9"/>
            <line number="49" branch="false" hits="2"/>
            <line number="50" branch="false" hits="2"/>
            <line number="51" branch="false" hits="9"/>
            <line number="52" branch="false" hits="9"/>
            <line number="53" branch="false" hits="1"/>
            <line number="54" branch="false" hits="3"/>
            <line number="63" branch="false" hits="2"/>
            <line number="64" branch="false" hits="2"/>
            <line number="65" branch="false" hits="6"/>
            <line number="66" branch="false" hits="6"/>
            <line number="67" branch="false" hits="6"/>
            <line number="68" branch="false" hits="6"/>
            <line number="69" branch="false" hits="5"/>
            <line number="70" branch="false" hits="5"/>
            <line number="71" branch="false" hits="6"/>
            <line number="72" branch="false" hits="6"/>
            <line number="73" branch="false" hits="2"/>
            <line number="74" branch="false" hits="2"/>
          </lines>
        </class>
        <class name="ZMFunctional.m" filename="../wire-ios-utilities/Source/ZMFunctional.m" line-rate="0.8275862068965517" branch-rate="1.0000000000000000" complexity="0.0">
          <methods/>
          <lines>
            <line number="32" branch="false" hits="2"/>
            <line number="33" branch="false" hits="5"/>
            <line number="34" branch="false" hits="5"/>
            <line number="35" branch="false" hits="5"/>
            <line number="36" branch="false" hits="2"/>
            <line number="40" branch="false" hits="2"/>
            <line number="41" branch="false" hits="2"/>
            <line number="42" branch="false" hits="2"/>
            <line number="43" branch="false" hits="6"/>
            <line number="44" branch="false" hits="6"/>
            <line number="45" branch="false" hits="6"/>
            <line number="46" branch="false" hits="5"/>
            <line number="47" branch="false" hits="5"/>
            <line number="48" branch="false" hits="6"/>
            <line number="49" branch="false" hits="2"/>
            <line number="50" branch="false" hits="2"/>
            <line number="53" branch="false" hits="4"/>
            <line number="54" branch="false" hits="4"/>
            <line number="55" branch="false" hits="4"/>
            <line number="56" branch="false" hits="7"/>
            <line number="57" branch="false" hits="7"/>
            <line number="58" branch="false" hits="7"/>
            <line number="59" branch="false" hits="4"/>
            <line number="60" branch="false" hits="4"/>
            <line number="61" branch="false" hits="4"/>
            <line number="62" branch="false" hits="4"/>
            <line number="63" branch="false" hits="7"/>
            <line number="64" branch="false" hits="4"/>
            <line number="65" branch="false" hits="4"/>
            <line number="68" branch="false" hits="0"/>
            <line number="69" branch="false" hits="0"/>
            <line number="70" branch="false" hits="0"/>
            <line number="71" branch="false" hits="0"/>
            <line number="72" branch="false" hits="0"/>
            <line number="73" branch="false" hits="0"/>
            <line number="74" branch="false" hits="0"/>
            <line number="75" branch="false" hits="0"/>
            <line number="76" branch="false" hits="0"/>
            <line number="77" branch="false" hits="0"/>
            <line number="78" branch="false" hits="0"/>
            <line number="81" branch="false" hits="6"/>
            <line number="82" branch="false" hits="6"/>
            <line number="83" branch="false" hits="16"/>
            <line number="84" branch="false" hits="16"/>
            <line number="85" branch="false" hits="3"/>
            <line number="86" branch="false" hits="3"/>
            <line number="87" branch="false" hits="16"/>
            <line number="88" branch="false" hits="3"/>
            <line number="89" branch="false" hits="6"/>
            <line number="92" branch="false" hits="2"/>
            <line number="93" branch="false" hits="2"/>
            <line number="94" branch="false" hits="8"/>
            <line number="95" branch="false" hits="8"/>
            <line number="96" branch="false" hits="4"/>
            <line number="97" branch="false" hits="4"/>
            <line number="98" branch="false" hits="8"/>
            <line number="99" branch="false" hits="2"/>
            <line number="100" branch="false" hits="2"/>
            <line number="103" branch="false" hits="4"/>
            <line number="104" branch="false" hits="4"/>
            <line number="105" branch="false" hits="4"/>
            <line number="113" branch="false" hits="1"/>
            <line number="114" branch="false" hits="1"/>
            <line number="115" branch="false" hits="1"/>
            <line number="118" branch="false" hits="1"/>
            <line number="119" branch="false" hits="1"/>
            <line number="120" branch="false" hits="1"/>
            <line number="128" branch="false" hits="2"/>
            <line number="129" branch="false" hits="2"/>
            <line number="130" branch="false" hits="2"/>
            <line number="131" branch="false" hits="6"/>
            <line number="132" branch="false" hits="6"/>
            <line number="133" branch="false" hits="6"/>
            <line number="134" branch="false" hits="5"/>
            <line number="135" branch="false" hits="5"/>
            <line number="136" branch="false" hits="6"/>
            <line number="137" branch="false" hits="2"/>
            <line number="138" branch="false" hits="2"/>
            <line number="141" branch="false" hits="2"/>
            <line number="142" branch="false" hits="2"/>
            <line number="143" branch="false" hits="8"/>
            <line number="144" branch="false" hits="8"/>
            <line number="145" branch="false" hits="4"/>
            <line number="146" branch="false" hits="4"/>
            <line number="147" branch="false" hits="8"/>
            <line number="148" branch="false" hits="2"/>
            <line number="149" branch="false" hits="2"/>
            <line number="158" branch="false" hits="1"/>
            <line number="159" branch="false" hits="1"/>
            <line number="160" branch="false" hits="1"/>
            <line number="161" branch="false" hits="3"/>
            <line number="162" branch="false" hits="3"/>
            <line number="163" branch="false" hits="3"/>
            <line number="164" branch="false" hits="3"/>
            <line number="165" branch="false" hits="3"/>
            <line number="166" branch="false" hits="3"/>
            <line number="167" branch="false" hits="1"/>
            <line number="168" branch="false" hits="1"/>
            <line number="171" branch="false" hits="2"/>
            <line number="172" branch="false" hits="2"/>
            <line number="173" branch="false" hits="8"/>
            <line number="174" branch="false" hits="8"/>
            <line number="175" branch="false" hits="4"/>
            <line number="176" branch="false" hits="4"/>
            <line number="177" branch="false" hits="8"/>
            <line number="178" branch="false" hits="2"/>
            <line number="179" branch="false" hits="2"/>
            <line number="182" branch="false" hits="0"/>
            <line number="183" branch="false" hits="0"/>
            <line number="184" branch="false" hits="0"/>
            <line number="185" branch="false" hits="0"/>
            <line number="186" branch="false" hits="0"/>
            <line number="187" branch="false" hits="0"/>
            <line number="188" branch="false" hits="0"/>
            <line number="189" branch="false" hits="0"/>
            <line number="190" branch="false" hits="0"/>
          </lines>
        </class>
        <class name="ZMMobileProvisionParser.m" filename="../wire-ios-utilities/Source/ZMMobileProvisionParser.m" line-rate="0.7466666666666667" branch-rate="1.0000000000000000" complexity="0.0">
          <methods/>
          <lines>
            <line number="39" branch="false" hits="1"/>
            <line number="40" branch="false" hits="1"/>
            <line number="41" branch="false" hits="1"/>
            <line number="42" branch="false" hits="1"/>
            <line number="45" branch="false" hits="4"/>
            <line number="46" branch="false" hits="4"/>
            <line number="47" branch="false" hits="1"/>
            <line number="48" branch="false" hits="1"/>
            <line number="49" branch="false" hits="3"/>
            <line number="50" branch="false" hits="3"/>
            <line number="51" branch="false" hits="3"/>
            <line number="52" branch="false" hits="3"/>
            <line number="53" branch="false" hits="0"/>
            <line number="54" branch="false" hits="0"/>
            <line number="55" branch="false" hits="3"/>
            <line number="56" branch="false" hits="0"/>
[...]
            <line number="90" branch="false" hits="0"/>
            <line number="91" branch="false" hits="0"/>
            <line number="94" branch="false" hits="0"/>
            <line number="95" branch="false" hits="0"/>
            <line number="96" branch="false" hits="0"/>
            <line number="97" branch="false" hits="0"/>
            <line number="98" branch="false" hits="0"/>
            <line number="99" branch="false" hits="0"/>
            <line number="100" branch="false" hits="0"/>
            <line number="101" branch="false" hits="0"/>
          </lines>
        </class>
        <class name="SwiftDebugging" filename="../wire-ios-utilities/Source/Public/SwiftDebugging.swift" line-rate="0.0000000000000000" branch-rate="1.0000000000000000" complexity="0.0">
          <methods/>
          <lines>
            <line number="25" branch="false" hits="0"/>
            <line number="26" branch="false" hits="0"/>
            <line number="27" branch="false" hits="0"/>
            <line number="29" branch="false" hits="0"/>
            <line number="30" branch="false" hits="0"/>
            <line number="31" branch="false" hits="0"/>
            <line number="33" branch="false" hits="0"/>
            <line number="34" branch="false" hits="0"/>
            <line number="35" branch="false" hits="0"/>
            <line number="36" branch="false" hits="0"/>
            <line number="37" branch="false" hits="0"/>
            <line number="39" branch="false" hits="0"/>
            <line number="40" branch="false" hits="0"/>
            <line number="41" branch="false" hits="0"/>
            <line number="42" branch="false" hits="0"/>
            <line number="43" branch="false" hits="0"/>
            <line number="46" branch="false" hits="0"/>
            <line number="47" branch="false" hits="0"/>
            <line number="48" branch="false" hits="0"/>
            <line number="49" branch="false" hits="0"/>
            <line number="50" branch="false" hits="0"/>
            <line number="51" branch="false" hits="0"/>
            <line number="52" branch="false" hits="0"/>
            <line number="53" branch="false" hits="0"/>
            <line number="54" branch="false" hits="0"/>
            <line number="55" branch="false" hits="0"/>
          </lines>
        </class>
        <class name="UnownedObject" filename="../wire-ios-utilities/Source/Public/UnownedObject.swift" line-rate="1.0000000000000000" branch-rate="1.0000000000000000" complexity="0.0">
          <methods/>
          <lines>
            <line number="25" branch="false" hits="2"/>
            <line number="26" branch="false" hits="2"/>
            <line number="27" branch="false" hits="2"/>
            <line number="29" branch="false" hits="2"/>
            <line number="35" branch="false" hits="2"/>
            <line number="36" branch="false" hits="2"/>
            <line number="37" branch="false" hits="2"/>
            <line number="39" branch="false" hits="2"/>
          </lines>
        </class>
      </classes>
    </package>
    <package name="...wire-ios-utilities.Source.Validation" line-rate="0.9421487603305785" branch-rate="1.0000000000000000" complexity="0.0">
      <classes>
        <class name="ZMAccentColorValidator.m" filename="../wire-ios-utilities/Source/Validation/ZMAccentColorValidator.m" line-rate="1.0000000000000000" branch-rate="1.0000000000000000" complexity="0.0">
          <methods/>
          <lines>
            <line number="30" branch="false" hits="3"/>
            <line number="31" branch="false" hits="3"/>
            <line number="32" branch="false" hits="3"/>
            <line number="33" branch="false" hits="2"/>
            <line number="34" branch="false" hits="2"/>
            <line number="35" branch="false" hits="2"/>
            <line number="36" branch="false" hits="2"/>
            <line number="37" branch="false" hits="2"/>
            <line number="38" branch="false" hits="2"/>
            <line number="39" branch="false" hits="3"/>
            <line number="40" branch="false" hits="3"/>
          </lines>
        </class>
        <class name="ZMEmailAddressValidator.m" filename="../wire-ios-utilities/Source/Validation/ZMEmailAddressValidator.m" line-rate="0.9183673469387755" branch-rate="1.0000000000000000" complexity="0.0">
          <methods/>
          <lines>
            <line number="31" branch="false" hits="49"/>
            <line number="32" branch="false" hits="49"/>
            <line number="33" branch="false" hits="49"/>
            <line number="34" branch="false" hits="49"/>
            <line number="35" branch="false" hits="49"/>
            <line number="36" branch="false" hits="49"/>
            <line number="37" branch="false" hits="49"/>
            <line number="38" branch="false" hits="49"/>
            <line number="39" branch="false" hits="49"/>
            <line number="40" branch="false" hits="49"/>
            <line number="41" branch="false" hits="49"/>
            <line number="42" branch="false" hits="49"/>
            <line number="43" branch="false" hits="49"/>
            <line number="44" branch="false" hits="49"/>
            <line number="45" branch="false" hits="49"/>
            <line number="46" branch="false" hits="47"/>
            <line number="47" branch="false" hits="13"/>
            <line number="48" branch="false" hits="13"/>
            <line number="49" branch="false" hits="2"/>
            <line number="50" branch="false" hits="2"/>
            <line number="51" branch="false" hits="2"/>
            <line number="52" branch="false" hits="13"/>
            <line number="53" branch="false" hits="49"/>
            <line number="54" branch="false" hits="49"/>
            <line number="55" branch="false" hits="15"/>
            <line number="56" branch="false" hits="15"/>
            <line number="57" branch="false" hits="15"/>
            <line number="58" branch="false" hits="34"/>
            <line number="59" branch="false" hits="49"/>
            <line number="62" branch="false" hits="49"/>
            <line number="63" branch="false" hits="49"/>
            <line number="64" branch="false" hits="0"/>
            <line number="65" branch="false" hits="0"/>
            <line number="66" branch="false" hits="49"/>
            <line number="67" branch="false" hits="49"/>
            <line number="68" branch="false" hits="49"/>
            <line number="69" branch="false" hits="49"/>
            <line number="70" branch="false" hits="0"/>
            <line number="71" branch="false" hits="0"/>
            <line number="72" branch="false" hits="0"/>
            <line number="73" branch="false" hits="49"/>
            <line number="74" branch="false" hits="49"/>
            <line number="75" branch="false" hits="28"/>
            <line number="76" branch="false" hits="28"/>
            <line number="77" branch="false" hits="28"/>
            <line number="78" branch="false" hits="28"/>
            <line number="79" branch="false" hits="28"/>
            <line number="80" branch="false" hits="28"/>
            <line number="81" branch="false" hits="28"/>
            <line number="82" branch="false" hits="28"/>
            <line number="83" branch="false" hits="28"/>
            <line number="84" branch="false" hits="49"/>
            <line number="85" branch="false" hits="49"/>
            <line number="86" branch="false" hits="49"/>
            <line number="87" branch="false" hits="49"/>
            <line number="88" branch="false" hits="49"/>
            <line number="89" branch="false" hits="49"/>
            <line number="90" branch="false" hits="49"/>
            <line number="91" branch="false" hits="49"/>
            <line number="92" branch="false" hits="49"/>
            <line number="93" branch="false" hits="49"/>
            <line number="94" branch="false" hits="40"/>
            <line number="95" branch="false" hits="9"/>
            <line number="96" branch="false" hits="9"/>
            <line number="97" branch="false" hits="9"/>
            <line number="98" branch="false" hits="9"/>
            <line number="99" branch="false" hits="49"/>
            <line number="100" branch="false" hits="40"/>
            <line number="101" branch="false" hits="40"/>
            <line number="102" branch="false" hits="40"/>
            <line number="103" branch="false" hits="40"/>
            <line number="104" branch="false" hits="40"/>
            <line number="105" branch="false" hits="40"/>
            <line number="106" branch="false" hits="39"/>
            <line number="107" branch="false" hits="34"/>
            <line number="108" branch="false" hits="34"/>
            <line number="109" branch="false" hits="40"/>
            <line number="110" branch="false" hits="7"/>
            <line number="111" branch="false" hits="7"/>
            <line number="112" branch="false" hits="7"/>
            <line number="113" branch="false" hits="40"/>
            <line number="114" branch="false" hits="40"/>
            <line number="115" branch="false" hits="33"/>
            <line number="116" branch="false" hits="33"/>
            <line number="117" branch="false" hits="33"/>
            <line number="118" branch="false" hits="33"/>
            <line number="119" branch="false" hits="33"/>
            <line number="120" branch="false" hits="33"/>
            <line number="121" branch="false" hits="33"/>
            <line number="122" branch="false" hits="33"/>
            <line number="123" branch="false" hits="33"/>
            <line number="124" branch="false" hits="3"/>
            <line number="125" branch="false" hits="3"/>
            <line number="126" branch="false" hits="3"/>
            <line number="127" branch="false" hits="30"/>
            <line number="128" branch="false" hits="1"/>
            <line number="129" branch="false" hits="1"/>
            <line number="130" branch="false" hits="1"/>
            <line number="131" branch="false" hits="70"/>
            <line number="132" branch="false" hits="70"/>
            <line number="133" branch="false" hits="6"/>
            <line number="134" branch="false" hits="6"/>
            <line number="135" branch="false" hits="6"/>
            <line number="136" branch="false" hits="6"/>
            <line number="137" branch="false" hits="70"/>
            <line number="138" branch="false" hits="29"/>
            <line number="139" branch="false" hits="29"/>
            <line number="140" branch="false" hits="29"/>
            <line number="141" branch="false" hits="23"/>
            <line number="142" branch="false" hits="23"/>
            <line number="143" branch="false" hits="23"/>
            <line number="144" branch="false" hits="23"/>
            <line number="145" branch="false" hits="23"/>
            <line number="146" branch="false" hits="23"/>
            <line number="147" branch="false" hits="23"/>
            <line number="148" branch="false" hits="23"/>
            <line number="149" branch="false" hits="23"/>
            <line number="150" branch="false" hits="23"/>
            <line number="151" branch="false" hits="0"/>
            <line number="152" branch="false" hits="0"/>
            <line number="153" branch="false" hits="0"/>
            <line number="154" branch="false" hits="40"/>
            <line number="155" branch="false" hits="40"/>
            <line number="156" branch="false" hits="4"/>
            <line number="157" branch="false" hits="4"/>
            <line number="158" branch="false" hits="4"/>
            <line number="159" branch="false" hits="2"/>
            <line number="160" branch="false" hits="2"/>
            <line number="161" branch="false" hits="2"/>
            <line number="162" branch="false" hits="0"/>
            <line number="163" branch="false" hits="0"/>
            <line number="164" branch="false" hits="0"/>
            <line number="165" branch="false" hits="0"/>
            <line number="166" branch="false" hits="2"/>
            <line number="167" branch="false" hits="2"/>
            <line number="168" branch="false" hits="2"/>
            <line number="169" branch="false" hits="2"/>
            <line number="170" branch="false" hits="4"/>
            <line number="171" branch="false" hits="40"/>
            <line number="172" branch="false" hits="23"/>
            <line number="173" branch="false" hits="23"/>
            <line number="174" branch="false" hits="21"/>
            <line number="175" branch="false" hits="7"/>
            <line number="176" branch="false" hits="7"/>
            <line number="177" branch="false" hits="21"/>
            <line number="178" branch="false" hits="21"/>
            <line number="179" branch="false" hits="23"/>
          </lines>
        </class>
        <class name="ZMPhoneNumberValidator.m" filename="../wire-ios-utilities/Source/Validation/ZMPhoneNumberValidator.m" line-rate="0.9500000000000000" branch-rate="1.0000000000000000" complexity="0.0">
          <methods/>
          <lines>
            <line number="34" branch="false" hits="12"/>
            <line number="35" branch="false" hits="12"/>
            <line number="36" branch="false" hits="84"/>
            <line number="37" branch="false" hits="72"/>
            <line number="38" branch="false" hits="72"/>
            <line number="39" branch="false" hits="72"/>
            <line number="40" branch="false" hits="72"/>
            <line number="41" branch="false" hits="12"/>
            <line number="42" branch="false" hits="12"/>
            <line number="52" branch="false" hits="17"/>
            <line number="53" branch="false" hits="17"/>
            <line number="54" branch="false" hits="1"/>
            <line number="55" branch="false" hits="1"/>
            <line number="56" branch="false" hits="17"/>
            <line number="57" branch="false" hits="16"/>
            <line number="58" branch="false" hits="16"/>
            <line number="59" branch="false" hits="16"/>
            <line number="60" branch="false" hits="16"/>
            <line number="61" branch="false" hits="4"/>
            <line number="62" branch="false" hits="4"/>
            <line number="63" branch="false" hits="4"/>
            <line number="64" branch="false" hits="4"/>
            <line number="65" branch="false" hits="4"/>
            <line number="66" branch="false" hits="4"/>
            <line number="67" branch="false" hits="4"/>
            <line number="68" branch="false" hits="4"/>
            <line number="69" branch="false" hits="4"/>
            <line number="70" branch="false" hits="4"/>
            <line number="71" branch="false" hits="4"/>
            <line number="72" branch="false" hits="16"/>
            <line number="73" branch="false" hits="12"/>
            <line number="74" branch="false" hits="12"/>
            <line number="75" branch="false" hits="0"/>
            <line number="76" branch="false" hits="0"/>
            <line number="77" branch="false" hits="12"/>
            <line number="78" branch="false" hits="12"/>
            <line number="79" branch="false" hits="11"/>
            <line number="80" branch="false" hits="11"/>
            <line number="81" branch="false" hits="12"/>
            <line number="82" branch="false" hits="12"/>
          </lines>
        </class>
        <class name="ZMStringLengthValidator.m" filename="../wire-ios-utilities/Source/Validation/ZMStringLengthValidator.m" line-rate="1.0000000000000000" branch-rate="1.0000000000000000" complexity="0.0">
          <methods/>
          <lines>
            <line number="30" branch="false" hits="66"/>
            <line number="31" branch="false" hits="66"/>
            <line number="32" branch="false" hits="1"/>
            <line number="33" branch="false" hits="1"/>
            <line number="34" branch="false" hits="66"/>
            <line number="35" branch="false" hits="65"/>
            <line number="36" branch="false" hits="65"/>
            <line number="37" branch="false" hits="1"/>
            <line number="38" branch="false" hits="2"/>
            <line number="39" branch="false" hits="2"/>
            <line number="40" branch="false" hits="2"/>
            <line number="41" branch="false" hits="1"/>
            <line number="42" branch="false" hits="1"/>
            <line number="43" branch="false" hits="1"/>
            <line number="44" branch="false" hits="1"/>
            <line number="45" branch="false" hits="1"/>
            <line number="46" branch="false" hits="1"/>
            <line number="47" branch="false" hits="65"/>
            <line number="48" branch="false" hits="65"/>
            <line number="49" branch="false" hits="1"/>
            <line number="50" branch="false" hits="1"/>
            <line number="51" branch="false" hits="1"/>
            <line number="52" branch="false" hits="1"/>
            <line number="53" branch="false" hits="1"/>
            <line number="54" branch="false" hits="1"/>
            <line number="55" branch="false" hits="1"/>
            <line number="56" branch="false" hits="1"/>
            <line number="57" branch="false" hits="1"/>
            <line number="58" branch="false" hits="64"/>
            <line number="59" branch="false" hits="1"/>
            <line number="60" branch="false" hits="1"/>
            <line number="61" branch="false" hits="1"/>
            <line number="62" branch="false" hits="1"/>
            <line number="63" branch="false" hits="1"/>
            <line number="64" branch="false" hits="1"/>
            <line number="65" branch="false" hits="1"/>
            <line number="66" branch="false" hits="1"/>
            <line number="67" branch="false" hits="1"/>
            <line number="68" branch="false" hits="1"/>
            <line number="69" branch="false" hits="63"/>
            <line number="70" branch="false" hits="2"/>
            <line number="71" branch="false" hits="2"/>
            <line number="72" branch="false" hits="63"/>
            <line number="73" branch="false" hits="65"/>
          </lines>
        </class>
      </classes>
    </package>
    <package name="...wire-ios-utilities.Tests" line-rate="1.0000000000000000" branch-rate="1.0000000000000000" complexity="0.0">
      <classes>
        <class name="OptionalComparisonTests" filename="../wire-ios-utilities/Tests/OptionalComparisonTests.swift" line-rate="1.0000000000000000" branch-rate="1.0000000000000000" complexity="0.0">
          <methods/>
          <lines>
            <line number="24" branch="false" hits="1"/>
            <line number="25" branch="false" hits="1"/>
            <line number="26" branch="false" hits="1"/>
            <line number="27" branch="false" hits="1"/>
            <line number="28" branch="false" hits="1"/>
            <line number="29" branch="false" hits="1"/>
            <line number="30" branch="false" hits="1"/>
            <line number="31" branch="false" hits="1"/>
            <line number="32" branch="false" hits="1"/>
            <line number="33" branch="false" hits="1"/>
            <line number="34" branch="false" hits="1"/>
            <line number="35" branch="false" hits="1"/>
            <line number="36" branch="false" hits="6"/>
            <line number="37" branch="false" hits="6"/>
            <line number="38" branch="false" hits="6"/>
            <line number="39" branch="false" hits="6"/>
            <line number="40" branch="false" hits="1"/>
            <line number="42" branch="false" hits="1"/>
            <line number="43" branch="false" hits="1"/>
            <line number="44" branch="false" hits="1"/>
            <line number="45" branch="false" hits="1"/>
            <line number="46" branch="false" hits="1"/>
            <line number="47" branch="false" hits="1"/>
            <line number="48" branch="false" hits="1"/>
          </lines>
        </class>
      </classes>
    </package>
  </packages>
</coverage>
